<?xml version="1.0" encoding="UTF-8"?>
<!-- Generated by org.testng.reporters.JUnitXMLReporter -->
<testsuite ignored="0" hostname="LAPTOP-T0BR2VQH" failures="0" tests="4" name="Default test" time="33.233" errors="0" timestamp="2020-03-22T23:55:53 IST">
  <testcase classname="AllConcepts.VisibilityTest" name="isDisplayedTest" time="0.638"/>
  <testcase classname="AllConcepts.VisibilityTest" name="isEnabledTest" time="0.239"/>
  <testcase classname="AllConcepts.VisibilityTest" name="isSelected" time="0.219"/>
  <testcase classname="AllConcepts.VisibilityTest" name="isSelectedCheck" time="2.161"/>
</testsuite> <!-- Default test -->
