<?xml version="1.0" encoding="UTF-8"?>
<!-- Generated by org.testng.reporters.JUnitXMLReporter -->
<testsuite ignored="0" hostname="LAPTOP-T0BR2VQH" failures="0" tests="9" name="Default test" time="70.131" errors="0" timestamp="2020-03-23T22:42:32 IST">
  <testcase classname="testngConcept.VisibilityTest" name="test" time="0.008"/>
  <testcase classname="testngConcept.VisibilityTest" name="test" time="0.003"/>
  <testcase classname="testngConcept.VisibilityTest" name="test" time="0.003"/>
  <testcase classname="testngConcept.VisibilityTest" name="test" time="0.002"/>
  <testcase classname="testngConcept.VisibilityTest" name="test" time="0.002"/>
  <testcase classname="testngConcept.VisibilityTest" name="isDisplayedTest" time="0.202"/>
  <testcase classname="testngConcept.VisibilityTest" name="isSelectedCheck" time="0.718"/>
  <testcase classname="testngConcept.VisibilityTest" name="isSelected" time="0.402"/>
  <testcase classname="testngConcept.VisibilityTest" name="isEnabledTest" time="0.072"/>
</testsuite> <!-- Default test -->
