<?xml version="1.0" encoding="UTF-8"?>
<!-- Generated by org.testng.reporters.JUnitXMLReporter -->
<testsuite ignored="5" hostname="LAPTOP-T0BR2VQH" failures="1" tests="1" name="isDisplayedTest" time="0.234" errors="0" timestamp="2020-03-26T00:41:59 IST">
  <testcase classname="testngConcept.VisibilityTest" name="isDisplayedTest" time="0.07">
    <failure type="java.lang.NullPointerException">
      <![CDATA[java.lang.NullPointerException
at testngConcept.VisibilityTest.isDisplayedTest(VisibilityTest.java:28)
at java.base/java.util.ArrayList.forEach(ArrayList.java:1507)
... Removed 27 stack frames]]>
    </failure>
  </testcase> <!-- isDisplayedTest -->
  <testcase classname="testngConcept.TestNG_Practice" name="a" time="0.0">
    <ignored/>
  </testcase> <!-- a -->
  <testcase classname="testngConcept.VisibilityTest" name="isSelectedCheck" time="0.0">
    <ignored/>
  </testcase> <!-- isSelectedCheck -->
  <testcase classname="testngConcept.VisibilityTest" name="isSelected" time="0.0">
    <ignored/>
  </testcase> <!-- isSelected -->
  <testcase classname="testngConcept.VisibilityTest" name="test" time="0.0">
    <ignored/>
  </testcase> <!-- test -->
  <testcase classname="testngConcept.VisibilityTest" name="isEnabledTest" time="0.0">
    <ignored/>
  </testcase> <!-- isEnabledTest -->
</testsuite> <!-- isDisplayedTest -->
