<?xml version="1.0" encoding="UTF-8"?>
<!-- Generated by org.testng.reporters.JUnitXMLReporter -->
<testsuite ignored="1" hostname="LAPTOP-T0BR2VQH" failures="0" tests="2" name="Test1" time="0.081" errors="0" timestamp="2020-03-27T00:32:35 IST">
  <testcase classname="testngConcept.Test1" name="testMethod1" time="0.016"/>
  <testcase classname="testngConcept.Test1" name="testMethod2" time="0.003"/>
  <testcase classname="testngConcept.Test1" name="testMethod3" time="0.0">
    <ignored/>
  </testcase> <!-- testMethod3 -->
</testsuite> <!-- Test1 -->
