<?xml version="1.0" encoding="UTF-8"?>
<!-- Generated by org.testng.reporters.JUnitXMLReporter -->
<testsuite ignored="1" hostname="LAPTOP-T0BR2VQH" failures="0" tests="2" name="Test1dfd" time="0.09" errors="0" timestamp="2020-03-26T01:02:27 IST">
  <testcase classname="testngConcept.Test1" name="testMethod1" time="0.026"/>
  <testcase classname="testngConcept.Test1" name="testMethod2" time="0.004"/>
  <testcase classname="testngConcept.Test1" name="testMethod3" time="0.0">
    <ignored/>
  </testcase> <!-- testMethod3 -->
</testsuite> <!-- Test1dfd -->
