<?xml version="1.0" encoding="UTF-8"?>
<!-- Generated by org.testng.reporters.JUnitXMLReporter -->
<testsuite ignored="5" hostname="LAPTOP-T0BR2VQH" failures="0" tests="1" name="Test" time="33.908" errors="0" timestamp="2020-03-27T00:33:09 IST">
  <testcase classname="testngConcept.VisibilityTest" name="isDisplayedTest" time="0.502"/>
  <testcase classname="testngConcept.TestNG_Practice" name="a" time="0.0">
    <ignored/>
  </testcase> <!-- a -->
  <testcase classname="testngConcept.VisibilityTest" name="isSelectedCheck" time="0.0">
    <ignored/>
  </testcase> <!-- isSelectedCheck -->
  <testcase classname="testngConcept.VisibilityTest" name="isSelected" time="0.0">
    <ignored/>
  </testcase> <!-- isSelected -->
  <testcase classname="testngConcept.VisibilityTest" name="test" time="0.0">
    <ignored/>
  </testcase> <!-- test -->
  <testcase classname="testngConcept.VisibilityTest" name="isEnabledTest" time="0.0">
    <ignored/>
  </testcase> <!-- isEnabledTest -->
</testsuite> <!-- Test -->
