<?xml version="1.0" encoding="UTF-8"?>
<testng-results ignored="0" total="4" passed="4" failed="0" skipped="0">
  <reporter-output>
  </reporter-output>
  <suite started-at="2020-03-22T23:55:19 IST" name="Default suite" finished-at="2020-03-22T23:55:53 IST" duration-ms="33233">
    <groups>
    </groups>
    <test started-at="2020-03-22T23:55:19 IST" name="Default test" finished-at="2020-03-22T23:55:53 IST" duration-ms="33233">
      <class name="AllConcepts.VisibilityTest">
        <test-method is-config="true" signature="setUp()[pri:0, instance:AllConcepts.VisibilityTest@515aebb0]" started-at="2020-03-22T23:55:19 IST" name="setUp" finished-at="2020-03-22T23:55:30 IST" duration-ms="10758" status="PASS">
          <reporter-output>
          </reporter-output>
        </test-method> <!-- setUp -->
        <test-method signature="isDisplayedTest()[pri:0, instance:AllConcepts.VisibilityTest@515aebb0]" started-at="2020-03-22T23:55:30 IST" name="isDisplayedTest" finished-at="2020-03-22T23:55:31 IST" duration-ms="638" status="PASS">
          <reporter-output>
          </reporter-output>
        </test-method> <!-- isDisplayedTest -->
        <test-method is-config="true" signature="tearDown()[pri:0, instance:AllConcepts.VisibilityTest@515aebb0]" started-at="2020-03-22T23:55:31 IST" name="tearDown" finished-at="2020-03-22T23:55:31 IST" duration-ms="572" status="PASS">
          <reporter-output>
          </reporter-output>
        </test-method> <!-- tearDown -->
        <test-method is-config="true" signature="setUp()[pri:0, instance:AllConcepts.VisibilityTest@515aebb0]" started-at="2020-03-22T23:55:31 IST" name="setUp" finished-at="2020-03-22T23:55:37 IST" duration-ms="5353" status="PASS">
          <reporter-output>
          </reporter-output>
        </test-method> <!-- setUp -->
        <test-method signature="isEnabledTest()[pri:0, instance:AllConcepts.VisibilityTest@515aebb0]" started-at="2020-03-22T23:55:37 IST" name="isEnabledTest" finished-at="2020-03-22T23:55:37 IST" duration-ms="239" status="PASS">
          <reporter-output>
          </reporter-output>
        </test-method> <!-- isEnabledTest -->
        <test-method is-config="true" signature="tearDown()[pri:0, instance:AllConcepts.VisibilityTest@515aebb0]" started-at="2020-03-22T23:55:37 IST" name="tearDown" finished-at="2020-03-22T23:55:37 IST" duration-ms="181" status="PASS">
          <reporter-output>
          </reporter-output>
        </test-method> <!-- tearDown -->
        <test-method is-config="true" signature="setUp()[pri:0, instance:AllConcepts.VisibilityTest@515aebb0]" started-at="2020-03-22T23:55:37 IST" name="setUp" finished-at="2020-03-22T23:55:43 IST" duration-ms="5618" status="PASS">
          <reporter-output>
          </reporter-output>
        </test-method> <!-- setUp -->
        <test-method signature="isSelected()[pri:0, instance:AllConcepts.VisibilityTest@515aebb0]" started-at="2020-03-22T23:55:43 IST" name="isSelected" finished-at="2020-03-22T23:55:43 IST" duration-ms="219" status="PASS">
          <reporter-output>
          </reporter-output>
        </test-method> <!-- isSelected -->
        <test-method is-config="true" signature="tearDown()[pri:0, instance:AllConcepts.VisibilityTest@515aebb0]" started-at="2020-03-22T23:55:43 IST" name="tearDown" finished-at="2020-03-22T23:55:45 IST" duration-ms="2229" status="PASS">
          <reporter-output>
          </reporter-output>
        </test-method> <!-- tearDown -->
        <test-method is-config="true" signature="setUp()[pri:0, instance:AllConcepts.VisibilityTest@515aebb0]" started-at="2020-03-22T23:55:45 IST" name="setUp" finished-at="2020-03-22T23:55:50 IST" duration-ms="5134" status="PASS">
          <reporter-output>
          </reporter-output>
        </test-method> <!-- setUp -->
        <test-method signature="isSelectedCheck()[pri:0, instance:AllConcepts.VisibilityTest@515aebb0]" started-at="2020-03-22T23:55:50 IST" name="isSelectedCheck" finished-at="2020-03-22T23:55:52 IST" duration-ms="2161" status="PASS">
          <reporter-output>
          </reporter-output>
        </test-method> <!-- isSelectedCheck -->
        <test-method is-config="true" signature="tearDown()[pri:0, instance:AllConcepts.VisibilityTest@515aebb0]" started-at="2020-03-22T23:55:52 IST" name="tearDown" finished-at="2020-03-22T23:55:53 IST" duration-ms="48" status="PASS">
          <reporter-output>
          </reporter-output>
        </test-method> <!-- tearDown -->
      </class> <!-- AllConcepts.VisibilityTest -->
    </test> <!-- Default test -->
  </suite> <!-- Default suite -->
</testng-results>
